13-03-2019 11:09:18 	 Page Name : /Login.aspx |  Error Message : d:\Ascentech\AAMIR ALI\Anganwadi\Development\AnganwadiWebApp\AnganwadiWebApp\Login.aspx(95): error CS1061: 'ASP.login_aspx' does not contain a definition for 'lnkCheckPaymentDetail_Click' and no extension method 'lnkCheckPaymentDetail_Click' accepting a first argument of type 'ASP.login_aspx' could be found (are you missing a using directive or an assembly reference?)
13-03-2019 11:09:18 	---------------------------------------------------------------------------------------------------------------------------------------------------------------------
13-03-2019 11:09:20 	 Page Name : /favicon.ico |  Error Message : File does not exist.
13-03-2019 11:09:20 	---------------------------------------------------------------------------------------------------------------------------------------------------------------------
13-03-2019 11:09:25 	 Page Name : /Login.aspx |  Error Message : d:\Ascentech\AAMIR ALI\Anganwadi\Development\AnganwadiWebApp\AnganwadiWebApp\Login.aspx(95): error CS1061: 'ASP.login_aspx' does not contain a definition for 'lnkCheckPaymentDetail_Click' and no extension method 'lnkCheckPaymentDetail_Click' accepting a first argument of type 'ASP.login_aspx' could be found (are you missing a using directive or an assembly reference?)
13-03-2019 11:09:25 	---------------------------------------------------------------------------------------------------------------------------------------------------------------------
13-03-2019 11:09:26 	 Page Name : /favicon.ico |  Error Message : File does not exist.
13-03-2019 11:09:26 	---------------------------------------------------------------------------------------------------------------------------------------------------------------------
13-03-2019 11:09:32 	 Page Name : /Login.aspx |  Error Message : d:\Ascentech\AAMIR ALI\Anganwadi\Development\AnganwadiWebApp\AnganwadiWebApp\Login.aspx(95): error CS1061: 'ASP.login_aspx' does not contain a definition for 'lnkCheckPaymentDetail_Click' and no extension method 'lnkCheckPaymentDetail_Click' accepting a first argument of type 'ASP.login_aspx' could be found (are you missing a using directive or an assembly reference?)
13-03-2019 11:09:32 	---------------------------------------------------------------------------------------------------------------------------------------------------------------------
13-03-2019 11:09:33 	 Page Name : /favicon.ico |  Error Message : File does not exist.
13-03-2019 11:09:33 	---------------------------------------------------------------------------------------------------------------------------------------------------------------------
13-03-2019 11:10:17 	 Page Name : /Login.aspx |  Error Message : d:\Ascentech\AAMIR ALI\Anganwadi\Development\AnganwadiWebApp\AnganwadiWebApp\Login.aspx(95): error CS1061: 'ASP.login_aspx' does not contain a definition for 'lnkCheckPaymentDetail_Click' and no extension method 'lnkCheckPaymentDetail_Click' accepting a first argument of type 'ASP.login_aspx' could be found (are you missing a using directive or an assembly reference?)
13-03-2019 11:10:17 	---------------------------------------------------------------------------------------------------------------------------------------------------------------------
13-03-2019 11:10:18 	 Page Name : /favicon.ico |  Error Message : File does not exist.
13-03-2019 11:10:18 	---------------------------------------------------------------------------------------------------------------------------------------------------------------------
13-03-2019 11:10:20 	 Page Name : /Login.aspx |  Error Message : d:\Ascentech\AAMIR ALI\Anganwadi\Development\AnganwadiWebApp\AnganwadiWebApp\Login.aspx(95): error CS1061: 'ASP.login_aspx' does not contain a definition for 'lnkCheckPaymentDetail_Click' and no extension method 'lnkCheckPaymentDetail_Click' accepting a first argument of type 'ASP.login_aspx' could be found (are you missing a using directive or an assembly reference?)
13-03-2019 11:10:20 	---------------------------------------------------------------------------------------------------------------------------------------------------------------------
13-03-2019 11:10:21 	 Page Name : /favicon.ico |  Error Message : File does not exist.
13-03-2019 11:10:21 	---------------------------------------------------------------------------------------------------------------------------------------------------------------------
13-03-2019 11:11:01 	 Page Name : /Login.aspx |  Error Message : d:\Ascentech\AAMIR ALI\Anganwadi\Development\AnganwadiWebApp\AnganwadiWebApp\Login.aspx(95): error CS1061: 'ASP.login_aspx' does not contain a definition for 'lnkCheckPaymentDetail_Click' and no extension method 'lnkCheckPaymentDetail_Click' accepting a first argument of type 'ASP.login_aspx' could be found (are you missing a using directive or an assembly reference?)
13-03-2019 11:11:01 	---------------------------------------------------------------------------------------------------------------------------------------------------------------------
13-03-2019 11:11:01 	 Page Name : /favicon.ico |  Error Message : File does not exist.
13-03-2019 11:11:01 	---------------------------------------------------------------------------------------------------------------------------------------------------------------------
13-03-2019 11:11:03 	 Page Name : /Login.aspx |  Error Message : d:\Ascentech\AAMIR ALI\Anganwadi\Development\AnganwadiWebApp\AnganwadiWebApp\Login.aspx(95): error CS1061: 'ASP.login_aspx' does not contain a definition for 'lnkCheckPaymentDetail_Click' and no extension method 'lnkCheckPaymentDetail_Click' accepting a first argument of type 'ASP.login_aspx' could be found (are you missing a using directive or an assembly reference?)
13-03-2019 11:11:03 	---------------------------------------------------------------------------------------------------------------------------------------------------------------------
13-03-2019 11:11:03 	 Page Name : /favicon.ico |  Error Message : File does not exist.
13-03-2019 11:11:03 	---------------------------------------------------------------------------------------------------------------------------------------------------------------------
13-03-2019 11:11:11 	 Page Name : /Login.aspx |  Error Message : d:\Ascentech\AAMIR ALI\Anganwadi\Development\AnganwadiWebApp\AnganwadiWebApp\Login.aspx(95): error CS1061: 'ASP.login_aspx' does not contain a definition for 'lnkCheckPaymentDetail_Click' and no extension method 'lnkCheckPaymentDetail_Click' accepting a first argument of type 'ASP.login_aspx' could be found (are you missing a using directive or an assembly reference?)
13-03-2019 11:11:11 	---------------------------------------------------------------------------------------------------------------------------------------------------------------------
13-03-2019 11:11:12 	 Page Name : /favicon.ico |  Error Message : File does not exist.
13-03-2019 11:11:12 	---------------------------------------------------------------------------------------------------------------------------------------------------------------------
13-03-2019 11:11:56 	 Page Name : /Transaction/WebForm1.aspx |  Error Message : Could not load type 'AnganwadiWebApp.MasterPage.MasterPagePayDetails'.
13-03-2019 11:11:56 	---------------------------------------------------------------------------------------------------------------------------------------------------------------------
13-03-2019 11:11:57 	 Page Name : /favicon.ico |  Error Message : File does not exist.
13-03-2019 11:11:57 	---------------------------------------------------------------------------------------------------------------------------------------------------------------------
13-03-2019 15:14:45 	 Page Name : /favicon.ico |  Error Message : File does not exist.
13-03-2019 15:14:45 	---------------------------------------------------------------------------------------------------------------------------------------------------------------------
13-03-2019 15:26:40 	 Page Name : /master/FrmAdditionalPayList.aspx |  Error Message : Index was out of range. Must be non-negative and less than the size of the collection.
Parameter name: index
13-03-2019 15:26:40 	---------------------------------------------------------------------------------------------------------------------------------------------------------------------
13-03-2019 15:28:18 	 Page Name : /favicon.ico |  Error Message : File does not exist.
13-03-2019 15:28:18 	---------------------------------------------------------------------------------------------------------------------------------------------------------------------
13-03-2019 15:36:42 	 Page Name : /master/FrmAdditionalPayList.aspx |  Error Message : d:\Ascentech\AAMIR ALI\Anganwadi\Development\AnganwadiWebApp\AnganwadiWebApp\Master\FrmAdditionalPayList.aspx(23): error CS1061: 'ASP.master_frmadditionalpaylist_aspx' does not contain a definition for 'btnAddNew_Click' and no extension method 'btnAddNew_Click' accepting a first argument of type 'ASP.master_frmadditionalpaylist_aspx' could be found (are you missing a using directive or an assembly reference?)
13-03-2019 15:36:42 	---------------------------------------------------------------------------------------------------------------------------------------------------------------------
13-03-2019 15:37:33 	 Page Name : /master/FrmAdditionalPayList.aspx |  Error Message : d:\Ascentech\AAMIR ALI\Anganwadi\Development\AnganwadiWebApp\AnganwadiWebApp\Master\FrmAdditionalPayList.aspx(23): error CS1061: 'ASP.master_frmadditionalpaylist_aspx' does not contain a definition for 'btnAddNew_Click' and no extension method 'btnAddNew_Click' accepting a first argument of type 'ASP.master_frmadditionalpaylist_aspx' could be found (are you missing a using directive or an assembly reference?)
13-03-2019 15:37:33 	---------------------------------------------------------------------------------------------------------------------------------------------------------------------
13-03-2019 15:50:12 	 Page Name : /master/FrmAdditionalPayList.aspx |  Error Message : d:\Ascentech\AAMIR ALI\Anganwadi\Development\AnganwadiWebApp\AnganwadiWebApp\Master\FrmAdditionalPayList.aspx(34): error CS1061: 'ASP.master_frmadditionalpaylist_aspx' does not contain a definition for 'btnSearch_Click' and no extension method 'btnSearch_Click' accepting a first argument of type 'ASP.master_frmadditionalpaylist_aspx' could be found (are you missing a using directive or an assembly reference?)
13-03-2019 15:50:12 	---------------------------------------------------------------------------------------------------------------------------------------------------------------------
13-03-2019 16:16:02 	 Page Name : /master/FrmAdditionalPayMst.aspx |  Error Message : d:\Ascentech\AAMIR ALI\Anganwadi\Development\AnganwadiWebApp\AnganwadiWebApp\Master\FrmAdditionalPayMst.aspx(30): error CS1061: 'ASP.master_frmadditionalpaymst_aspx' does not contain a definition for 'btnSearch_Click' and no extension method 'btnSearch_Click' accepting a first argument of type 'ASP.master_frmadditionalpaymst_aspx' could be found (are you missing a using directive or an assembly reference?)
13-03-2019 16:16:02 	---------------------------------------------------------------------------------------------------------------------------------------------------------------------
13-03-2019 16:38:13 	 Page Name : /master/FrmAdditionalPayMst.aspx |  Error Message : d:\Ascentech\AAMIR ALI\Anganwadi\Development\AnganwadiWebApp\AnganwadiWebApp\Master\FrmAdditionalPayMst.aspx(98): error CS1061: 'ASP.master_frmadditionalpaymst_aspx' does not contain a definition for 'CBLType_SelectedIndexChanged' and no extension method 'CBLType_SelectedIndexChanged' accepting a first argument of type 'ASP.master_frmadditionalpaymst_aspx' could be found (are you missing a using directive or an assembly reference?)
13-03-2019 16:38:13 	---------------------------------------------------------------------------------------------------------------------------------------------------------------------
13-03-2019 17:56:13 	 Page Name : /master/FrmAdditionalPayMst.aspx |  Error Message : String was not recognized as a valid DateTime.
13-03-2019 17:56:13 	---------------------------------------------------------------------------------------------------------------------------------------------------------------------
13-03-2019 17:57:50 	 Page Name : /master/FrmAdditionalPayMst.aspx |  Error Message : String was not recognized as a valid DateTime.
13-03-2019 17:57:50 	---------------------------------------------------------------------------------------------------------------------------------------------------------------------
